  main.c
C:\Users\bokar\Desktop\話す小倉織\Talking KokuraOri\Talking KokuraOri\main.c(105,19): warning C4018: '<': signed と unsigned の数値を比較しようとしました。
C:\Users\bokar\Desktop\話す小倉織\Talking KokuraOri\Talking KokuraOri\main.c(180,23): warning C4018: '<': signed と unsigned の数値を比較しようとしました。
  myPng.c
C:\Users\bokar\Desktop\話す小倉織\Talking KokuraOri\Talking KokuraOri\myPng.c(83,19): warning C4018: '<': signed と unsigned の数値を比較しようとしました。
C:\Users\bokar\Desktop\話す小倉織\Talking KokuraOri\Talking KokuraOri\myPng.c(130,19): warning C4018: '<': signed と unsigned の数値を比較しようとしました。
C:\Users\bokar\Desktop\話す小倉織\Talking KokuraOri\Talking KokuraOri\myPng.c(136,19): warning C4018: '<': signed と unsigned の数値を比較しようとしました。
  ColorConvert.c
C:\Users\bokar\Desktop\話す小倉織\Talking KokuraOri\Talking KokuraOri\ColorConvert.c(10,11): warning C4013: 関数 'Max' は定義されていません。int 型の値を返す外部関数と見なします。
C:\Users\bokar\Desktop\話す小倉織\Talking KokuraOri\Talking KokuraOri\ColorConvert.c(11,11): warning C4013: 関数 'Min' は定義されていません。int 型の値を返す外部関数と見なします。
C:\Users\bokar\Desktop\話す小倉織\Talking KokuraOri\Talking KokuraOri\ColorConvert.c(56,41): warning C4244: '=': 'float' から 'int' への変換です。データが失われる可能性があります。
C:\Users\bokar\Desktop\話す小倉織\Talking KokuraOri\Talking KokuraOri\ColorConvert.c(57,41): warning C4244: '=': 'float' から 'int' への変換です。データが失われる可能性があります。
  reversePoland.c
LINK : warning LNK4098: defaultlib 'LIBCMT' は他のライブラリの使用と競合しています。/NODEFAULTLIB:library を使用してください。
  コード生成しています。
C:\Users\bokar\Desktop\話す小倉織\Talking KokuraOri\Talking KokuraOri\reversePoland.c(182): warning C4715: 'priority': 値を返さないコントロール パスがあります。
C:\Users\bokar\Desktop\話す小倉織\Talking KokuraOri\Talking KokuraOri\reversePoland.c(89): warning C4715: 'convertReversePol': 値を返さないコントロール パスがあります。
  Previous IPDB not found, fall back to full compilation.
  All 24 functions were compiled because no usable IPDB/IOBJ from previous compilation was found.
  コード生成が終了しました。
  Talking KokuraOri.vcxproj -> C:\Users\bokar\Desktop\話す小倉織\Talking KokuraOri\Release\Barcode2KokuraOri.exe
